[2021-06-24 20:12:01] local.DEBUG: User Created  
[2021-06-24 20:23:46] local.DEBUG: User Deleted  
[2021-06-24 20:24:30] local.ERROR: ErrorException: Trying to get property 'first_name' of non-object in E:\process\Diamond\app\Http\Controllers\Backend\Profiles\ProfileControllerTable.php:30
Stack trace:
#0 E:\process\Diamond\app\Http\Controllers\Backend\Profiles\ProfileControllerTable.php(30): Illuminate\Foundation\Bootstrap\HandleExceptions->handleError(8, 'Trying to get p...', 'E:\\process\\Diam...', 30, Array)
#1 E:\process\Diamond\vendor\yajra\laravel-datatables-oracle\src\Utilities\Helper.php(65): App\Http\Controllers\Backend\Profiles\ProfileControllerTable->App\Http\Controllers\Backend\Profiles\{closure}(Object(App\Models\Profile))
#2 E:\process\Diamond\vendor\yajra\laravel-datatables-oracle\src\Processors\DataProcessor.php(156): Yajra\DataTables\Utilities\Helper::compileContent(Object(Closure), Array, Object(App\Models\Profile))
#3 E:\process\Diamond\vendor\yajra\laravel-datatables-oracle\src\Processors\DataProcessor.php(107): Yajra\DataTables\Processors\DataProcessor->editColumns(Array, Object(App\Models\Profile))
#4 E:\process\Diamond\vendor\yajra\laravel-datatables-oracle\src\DataTableAbstract.php(804): Yajra\DataTables\Processors\DataProcessor->process(true)
#5 E:\process\Diamond\vendor\yajra\laravel-datatables-oracle\src\QueryDataTable.php(101): Yajra\DataTables\DataTableAbstract->processResults(Object(Illuminate\Database\Eloquent\Collection), true)
#6 E:\process\Diamond\app\Http\Controllers\Backend\Profiles\ProfileControllerTable.php(67): Yajra\DataTables\QueryDataTable->make(true)
#7 E:\process\Diamond\vendor\laravel\framework\src\Illuminate\Routing\Controller.php(54): App\Http\Controllers\Backend\Profiles\ProfileControllerTable->__invoke(Object(Illuminate\Http\Request))
#8 E:\process\Diamond\vendor\laravel\framework\src\Illuminate\Routing\ControllerDispatcher.php(45): Illuminate\Routing\Controller->callAction('__invoke', Array)
#9 E:\process\Diamond\vendor\laravel\framework\src\Illuminate\Routing\Route.php(219): Illuminate\Routing\ControllerDispatcher->dispatch(Object(Illuminate\Routing\Route), Object(App\Http\Controllers\Backend\Profiles\ProfileControllerTable), '__invoke')
#10 E:\process\Diamond\vendor\laravel\framework\src\Illuminate\Routing\Route.php(176): Illuminate\Routing\Route->runController()
#11 E:\process\Diamond\vendor\laravel\framework\src\Illuminate\Routing\Router.php(681): Illuminate\Routing\Route->run()
#12 E:\process\Diamond\vendor\laravel\framework\src\Illuminate\Pipeline\Pipeline.php(130): Illuminate\Routing\Router->Illuminate\Routing\{closure}(Object(Illuminate\Http\Request))
#13 E:\process\Diamond\app\Http\Middleware\PasswordExpires.php(32): Illuminate\Pipeline\Pipeline->Illuminate\Pipeline\{closure}(Object(Illuminate\Http\Request))
#14 E:\process\Diamond\vendor\laravel\framework\src\Illuminate\Pipeline\Pipeline.php(171): App\Http\Middleware\PasswordExpires->handle(Object(Illuminate\Http\Request), Object(Closure))
#15 E:\process\Diamond\app\Http\Middleware\ToBeLoggedOut.php(32): Illuminate\Pipeline\Pipeline->Illuminate\Pipeline\{closure}(Object(Illuminate\Http\Request))
#16 E:\process\Diamond\vendor\laravel\framework\src\Illuminate\Pipeline\Pipeline.php(171): App\Http\Middleware\ToBeLoggedOut->handle(Object(Illuminate\Http\Request), Object(Closure))
#17 E:\process\Diamond\app\Http\Middleware\LocaleMiddleware.php(46): Illuminate\Pipeline\Pipeline->Illuminate\Pipeline\{closure}(Object(Illuminate\Http\Request))
#18 E:\process\Diamond\vendor\laravel\framework\src\Illuminate\Pipeline\Pipeline.php(171): App\Http\Middleware\LocaleMiddleware->handle(Object(Illuminate\Http\Request), Object(Closure))
#19 E:\process\Diamond\vendor\laravel\framework\src\Illuminate\Routing\Middleware\SubstituteBindings.php(41): Illuminate\Pipeline\Pipeline->Illuminate\Pipeline\{closure}(Object(Illuminate\Http\Request))
#20 E:\process\Diamond\vendor\laravel\framework\src\Illuminate\Pipeline\Pipeline.php(171): Illuminate\Routing\Middleware\SubstituteBindings->handle(Object(Illuminate\Http\Request), Object(Closure))
#21 E:\process\Diamond\vendor\laravel\framework\src\Illuminate\Foundation\Http\Middleware\VerifyCsrfToken.php(78): Illuminate\Pipeline\Pipeline->Illuminate\Pipeline\{closure}(Object(Illuminate\Http\Request))
#22 E:\process\Diamond\vendor\laravel\framework\src\Illuminate\Pipeline\Pipeline.php(171): Illuminate\Foundation\Http\Middleware\VerifyCsrfToken->handle(Object(Illuminate\Http\Request), Object(Closure))
#23 E:\process\Diamond\vendor\laravel\framework\src\Illuminate\Session\Middleware\AuthenticateSession.php(58): Illuminate\Pipeline\Pipeline->Illuminate\Pipeline\{closure}(Object(Illuminate\Http\Request))
#24 E:\process\Diamond\vendor\laravel\framework\src\Illuminate\Pipeline\Pipeline.php(171): Illuminate\Session\Middleware\AuthenticateSession->handle(Object(Illuminate\Http\Request), Object(Closure))
#25 E:\process\Diamond\vendor\laravel\framework\src\Illuminate\Auth\Middleware\Authenticate.php(43): Illuminate\Pipeline\Pipeline->Illuminate\Pipeline\{closure}(Object(Illuminate\Http\Request))
#26 E:\process\Diamond\vendor\laravel\framework\src\Illuminate\Pipeline\Pipeline.php(171): Illuminate\Auth\Middleware\Authenticate->handle(Object(Illuminate\Http\Request), Object(Closure))
#27 E:\process\Diamond\vendor\laravel\framework\src\Illuminate\View\Middleware\ShareErrorsFromSession.php(49): Illuminate\Pipeline\Pipeline->Illuminate\Pipeline\{closure}(Object(Illuminate\Http\Request))
#28 E:\process\Diamond\vendor\laravel\framework\src\Illuminate\Pipeline\Pipeline.php(171): Illuminate\View\Middleware\ShareErrorsFromSession->handle(Object(Illuminate\Http\Request), Object(Closure))
#29 E:\process\Diamond\vendor\laravel\framework\src\Illuminate\Session\Middleware\StartSession.php(56): Illuminate\Pipeline\Pipeline->Illuminate\Pipeline\{closure}(Object(Illuminate\Http\Request))
#30 E:\process\Diamond\vendor\laravel\framework\src\Illuminate\Pipeline\Pipeline.php(171): Illuminate\Session\Middleware\StartSession->handle(Object(Illuminate\Http\Request), Object(Closure))
#31 E:\process\Diamond\vendor\laravel\framework\src\Illuminate\Cookie\Middleware\AddQueuedCookiesToResponse.php(37): Illuminate\Pipeline\Pipeline->Illuminate\Pipeline\{closure}(Object(Illuminate\Http\Request))
#32 E:\process\Diamond\vendor\laravel\framework\src\Illuminate\Pipeline\Pipeline.php(171): Illuminate\Cookie\Middleware\AddQueuedCookiesToResponse->handle(Object(Illuminate\Http\Request), Object(Closure))
#33 E:\process\Diamond\vendor\laravel\framework\src\Illuminate\Cookie\Middleware\EncryptCookies.php(67): Illuminate\Pipeline\Pipeline->Illuminate\Pipeline\{closure}(Object(Illuminate\Http\Request))
#34 E:\process\Diamond\vendor\laravel\framework\src\Illuminate\Pipeline\Pipeline.php(171): Illuminate\Cookie\Middleware\EncryptCookies->handle(Object(Illuminate\Http\Request), Object(Closure))
#35 E:\process\Diamond\vendor\laravel\framework\src\Illuminate\Pipeline\Pipeline.php(105): Illuminate\Pipeline\Pipeline->Illuminate\Pipeline\{closure}(Object(Illuminate\Http\Request))
#36 E:\process\Diamond\vendor\laravel\framework\src\Illuminate\Routing\Router.php(683): Illuminate\Pipeline\Pipeline->then(Object(Closure))
#37 E:\process\Diamond\vendor\laravel\framework\src\Illuminate\Routing\Router.php(658): Illuminate\Routing\Router->runRouteWithinStack(Object(Illuminate\Routing\Route), Object(Illuminate\Http\Request))
#38 E:\process\Diamond\vendor\laravel\framework\src\Illuminate\Routing\Router.php(624): Illuminate\Routing\Router->runRoute(Object(Illuminate\Http\Request), Object(Illuminate\Routing\Route))
#39 E:\process\Diamond\vendor\laravel\framework\src\Illuminate\Routing\Router.php(613): Illuminate\Routing\Router->dispatchToRoute(Object(Illuminate\Http\Request))
#40 E:\process\Diamond\vendor\laravel\framework\src\Illuminate\Foundation\Http\Kernel.php(170): Illuminate\Routing\Router->dispatch(Object(Illuminate\Http\Request))
#41 E:\process\Diamond\vendor\laravel\framework\src\Illuminate\Pipeline\Pipeline.php(130): Illuminate\Foundation\Http\Kernel->Illuminate\Foundation\Http\{closure}(Object(Illuminate\Http\Request))
#42 E:\process\Diamond\vendor\barryvdh\laravel-debugbar\src\Middleware\InjectDebugbar.php(60): Illuminate\Pipeline\Pipeline->Illuminate\Pipeline\{closure}(Object(Illuminate\Http\Request))
#43 E:\process\Diamond\vendor\laravel\framework\src\Illuminate\Pipeline\Pipeline.php(171): Barryvdh\Debugbar\Middleware\InjectDebugbar->handle(Object(Illuminate\Http\Request), Object(Closure))
#44 E:\process\Diamond\vendor\laravel\framework\src\Illuminate\Foundation\Http\Middleware\TransformsRequest.php(21): Illuminate\Pipeline\Pipeline->Illuminate\Pipeline\{closure}(Object(Illuminate\Http\Request))
#45 E:\process\Diamond\vendor\laravel\framework\src\Illuminate\Pipeline\Pipeline.php(171): Illuminate\Foundation\Http\Middleware\TransformsRequest->handle(Object(Illuminate\Http\Request), Object(Closure))
#46 E:\process\Diamond\vendor\laravel\framework\src\Illuminate\Foundation\Http\Middleware\TransformsRequest.php(21): Illuminate\Pipeline\Pipeline->Illuminate\Pipeline\{closure}(Object(Illuminate\Http\Request))
#47 E:\process\Diamond\vendor\laravel\framework\src\Illuminate\Pipeline\Pipeline.php(171): Illuminate\Foundation\Http\Middleware\TransformsRequest->handle(Object(Illuminate\Http\Request), Object(Closure))
#48 E:\process\Diamond\vendor\laravel\framework\src\Illuminate\Foundation\Http\Middleware\ValidatePostSize.php(27): Illuminate\Pipeline\Pipeline->Illuminate\Pipeline\{closure}(Object(Illuminate\Http\Request))
#49 E:\process\Diamond\vendor\laravel\framework\src\Illuminate\Pipeline\Pipeline.php(171): Illuminate\Foundation\Http\Middleware\ValidatePostSize->handle(Object(Illuminate\Http\Request), Object(Closure))
#50 E:\process\Diamond\app\Http\Middleware\CheckForReadOnlyMode.php(51): Illuminate\Pipeline\Pipeline->Illuminate\Pipeline\{closure}(Object(Illuminate\Http\Request))
#51 E:\process\Diamond\vendor\laravel\framework\src\Illuminate\Pipeline\Pipeline.php(171): App\Http\Middleware\CheckForReadOnlyMode->handle(Object(Illuminate\Http\Request), Object(Closure))
#52 E:\process\Diamond\vendor\laravel\framework\src\Illuminate\Foundation\Http\Middleware\CheckForMaintenanceMode.php(63): Illuminate\Pipeline\Pipeline->Illuminate\Pipeline\{closure}(Object(Illuminate\Http\Request))
#53 E:\process\Diamond\vendor\laravel\framework\src\Illuminate\Pipeline\Pipeline.php(171): Illuminate\Foundation\Http\Middleware\CheckForMaintenanceMode->handle(Object(Illuminate\Http\Request), Object(Closure))
#54 E:\process\Diamond\vendor\fideloper\proxy\src\TrustProxies.php(57): Illuminate\Pipeline\Pipeline->Illuminate\Pipeline\{closure}(Object(Illuminate\Http\Request))
#55 E:\process\Diamond\vendor\laravel\framework\src\Illuminate\Pipeline\Pipeline.php(171): Fideloper\Proxy\TrustProxies->handle(Object(Illuminate\Http\Request), Object(Closure))
#56 E:\process\Diamond\vendor\laravel\framework\src\Illuminate\Pipeline\Pipeline.php(105): Illuminate\Pipeline\Pipeline->Illuminate\Pipeline\{closure}(Object(Illuminate\Http\Request))
#57 E:\process\Diamond\vendor\laravel\framework\src\Illuminate\Foundation\Http\Kernel.php(145): Illuminate\Pipeline\Pipeline->then(Object(Closure))
#58 E:\process\Diamond\vendor\laravel\framework\src\Illuminate\Foundation\Http\Kernel.php(110): Illuminate\Foundation\Http\Kernel->sendRequestThroughRouter(Object(Illuminate\Http\Request))
#59 E:\process\Diamond\public\index.php(53): Illuminate\Foundation\Http\Kernel->handle(Object(Illuminate\Http\Request))
#60 E:\process\Diamond\server.php(19): require_once('E:\\process\\Diam...')
#61 {main}  
[2021-06-24 20:24:48] local.ERROR: ErrorException: Trying to get property 'first_name' of non-object in E:\process\Diamond\app\Http\Controllers\Backend\Profiles\ProfileControllerTable.php:30
Stack trace:
#0 E:\process\Diamond\app\Http\Controllers\Backend\Profiles\ProfileControllerTable.php(30): Illuminate\Foundation\Bootstrap\HandleExceptions->handleError(8, 'Trying to get p...', 'E:\\process\\Diam...', 30, Array)
#1 E:\process\Diamond\vendor\yajra\laravel-datatables-oracle\src\Utilities\Helper.php(65): App\Http\Controllers\Backend\Profiles\ProfileControllerTable->App\Http\Controllers\Backend\Profiles\{closure}(Object(App\Models\Profile))
#2 E:\process\Diamond\vendor\yajra\laravel-datatables-oracle\src\Processors\DataProcessor.php(156): Yajra\DataTables\Utilities\Helper::compileContent(Object(Closure), Array, Object(App\Models\Profile))
#3 E:\process\Diamond\vendor\yajra\laravel-datatables-oracle\src\Processors\DataProcessor.php(107): Yajra\DataTables\Processors\DataProcessor->editColumns(Array, Object(App\Models\Profile))
#4 E:\process\Diamond\vendor\yajra\laravel-datatables-oracle\src\DataTableAbstract.php(804): Yajra\DataTables\Processors\DataProcessor->process(true)
#5 E:\process\Diamond\vendor\yajra\laravel-datatables-oracle\src\QueryDataTable.php(101): Yajra\DataTables\DataTableAbstract->processResults(Object(Illuminate\Database\Eloquent\Collection), true)
#6 E:\process\Diamond\app\Http\Controllers\Backend\Profiles\ProfileControllerTable.php(67): Yajra\DataTables\QueryDataTable->make(true)
#7 E:\process\Diamond\vendor\laravel\framework\src\Illuminate\Routing\Controller.php(54): App\Http\Controllers\Backend\Profiles\ProfileControllerTable->__invoke(Object(Illuminate\Http\Request))
#8 E:\process\Diamond\vendor\laravel\framework\src\Illuminate\Routing\ControllerDispatcher.php(45): Illuminate\Routing\Controller->callAction('__invoke', Array)
#9 E:\process\Diamond\vendor\laravel\framework\src\Illuminate\Routing\Route.php(219): Illuminate\Routing\ControllerDispatcher->dispatch(Object(Illuminate\Routing\Route), Object(App\Http\Controllers\Backend\Profiles\ProfileControllerTable), '__invoke')
#10 E:\process\Diamond\vendor\laravel\framework\src\Illuminate\Routing\Route.php(176): Illuminate\Routing\Route->runController()
#11 E:\process\Diamond\vendor\laravel\framework\src\Illuminate\Routing\Router.php(681): Illuminate\Routing\Route->run()
#12 E:\process\Diamond\vendor\laravel\framework\src\Illuminate\Pipeline\Pipeline.php(130): Illuminate\Routing\Router->Illuminate\Routing\{closure}(Object(Illuminate\Http\Request))
#13 E:\process\Diamond\app\Http\Middleware\PasswordExpires.php(32): Illuminate\Pipeline\Pipeline->Illuminate\Pipeline\{closure}(Object(Illuminate\Http\Request))
#14 E:\process\Diamond\vendor\laravel\framework\src\Illuminate\Pipeline\Pipeline.php(171): App\Http\Middleware\PasswordExpires->handle(Object(Illuminate\Http\Request), Object(Closure))
#15 E:\process\Diamond\app\Http\Middleware\ToBeLoggedOut.php(32): Illuminate\Pipeline\Pipeline->Illuminate\Pipeline\{closure}(Object(Illuminate\Http\Request))
#16 E:\process\Diamond\vendor\laravel\framework\src\Illuminate\Pipeline\Pipeline.php(171): App\Http\Middleware\ToBeLoggedOut->handle(Object(Illuminate\Http\Request), Object(Closure))
#17 E:\process\Diamond\app\Http\Middleware\LocaleMiddleware.php(46): Illuminate\Pipeline\Pipeline->Illuminate\Pipeline\{closure}(Object(Illuminate\Http\Request))
#18 E:\process\Diamond\vendor\laravel\framework\src\Illuminate\Pipeline\Pipeline.php(171): App\Http\Middleware\LocaleMiddleware->handle(Object(Illuminate\Http\Request), Object(Closure))
#19 E:\process\Diamond\vendor\laravel\framework\src\Illuminate\Routing\Middleware\SubstituteBindings.php(41): Illuminate\Pipeline\Pipeline->Illuminate\Pipeline\{closure}(Object(Illuminate\Http\Request))
#20 E:\process\Diamond\vendor\laravel\framework\src\Illuminate\Pipeline\Pipeline.php(171): Illuminate\Routing\Middleware\SubstituteBindings->handle(Object(Illuminate\Http\Request), Object(Closure))
#21 E:\process\Diamond\vendor\laravel\framework\src\Illuminate\Foundation\Http\Middleware\VerifyCsrfToken.php(78): Illuminate\Pipeline\Pipeline->Illuminate\Pipeline\{closure}(Object(Illuminate\Http\Request))
#22 E:\process\Diamond\vendor\laravel\framework\src\Illuminate\Pipeline\Pipeline.php(171): Illuminate\Foundation\Http\Middleware\VerifyCsrfToken->handle(Object(Illuminate\Http\Request), Object(Closure))
#23 E:\process\Diamond\vendor\laravel\framework\src\Illuminate\Session\Middleware\AuthenticateSession.php(58): Illuminate\Pipeline\Pipeline->Illuminate\Pipeline\{closure}(Object(Illuminate\Http\Request))
#24 E:\process\Diamond\vendor\laravel\framework\src\Illuminate\Pipeline\Pipeline.php(171): Illuminate\Session\Middleware\AuthenticateSession->handle(Object(Illuminate\Http\Request), Object(Closure))
#25 E:\process\Diamond\vendor\laravel\framework\src\Illuminate\Auth\Middleware\Authenticate.php(43): Illuminate\Pipeline\Pipeline->Illuminate\Pipeline\{closure}(Object(Illuminate\Http\Request))
#26 E:\process\Diamond\vendor\laravel\framework\src\Illuminate\Pipeline\Pipeline.php(171): Illuminate\Auth\Middleware\Authenticate->handle(Object(Illuminate\Http\Request), Object(Closure))
#27 E:\process\Diamond\vendor\laravel\framework\src\Illuminate\View\Middleware\ShareErrorsFromSession.php(49): Illuminate\Pipeline\Pipeline->Illuminate\Pipeline\{closure}(Object(Illuminate\Http\Request))
#28 E:\process\Diamond\vendor\laravel\framework\src\Illuminate\Pipeline\Pipeline.php(171): Illuminate\View\Middleware\ShareErrorsFromSession->handle(Object(Illuminate\Http\Request), Object(Closure))
#29 E:\process\Diamond\vendor\laravel\framework\src\Illuminate\Session\Middleware\StartSession.php(56): Illuminate\Pipeline\Pipeline->Illuminate\Pipeline\{closure}(Object(Illuminate\Http\Request))
#30 E:\process\Diamond\vendor\laravel\framework\src\Illuminate\Pipeline\Pipeline.php(171): Illuminate\Session\Middleware\StartSession->handle(Object(Illuminate\Http\Request), Object(Closure))
#31 E:\process\Diamond\vendor\laravel\framework\src\Illuminate\Cookie\Middleware\AddQueuedCookiesToResponse.php(37): Illuminate\Pipeline\Pipeline->Illuminate\Pipeline\{closure}(Object(Illuminate\Http\Request))
#32 E:\process\Diamond\vendor\laravel\framework\src\Illuminate\Pipeline\Pipeline.php(171): Illuminate\Cookie\Middleware\AddQueuedCookiesToResponse->handle(Object(Illuminate\Http\Request), Object(Closure))
#33 E:\process\Diamond\vendor\laravel\framework\src\Illuminate\Cookie\Middleware\EncryptCookies.php(67): Illuminate\Pipeline\Pipeline->Illuminate\Pipeline\{closure}(Object(Illuminate\Http\Request))
#34 E:\process\Diamond\vendor\laravel\framework\src\Illuminate\Pipeline\Pipeline.php(171): Illuminate\Cookie\Middleware\EncryptCookies->handle(Object(Illuminate\Http\Request), Object(Closure))
#35 E:\process\Diamond\vendor\laravel\framework\src\Illuminate\Pipeline\Pipeline.php(105): Illuminate\Pipeline\Pipeline->Illuminate\Pipeline\{closure}(Object(Illuminate\Http\Request))
#36 E:\process\Diamond\vendor\laravel\framework\src\Illuminate\Routing\Router.php(683): Illuminate\Pipeline\Pipeline->then(Object(Closure))
#37 E:\process\Diamond\vendor\laravel\framework\src\Illuminate\Routing\Router.php(658): Illuminate\Routing\Router->runRouteWithinStack(Object(Illuminate\Routing\Route), Object(Illuminate\Http\Request))
#38 E:\process\Diamond\vendor\laravel\framework\src\Illuminate\Routing\Router.php(624): Illuminate\Routing\Router->runRoute(Object(Illuminate\Http\Request), Object(Illuminate\Routing\Route))
#39 E:\process\Diamond\vendor\laravel\framework\src\Illuminate\Routing\Router.php(613): Illuminate\Routing\Router->dispatchToRoute(Object(Illuminate\Http\Request))
#40 E:\process\Diamond\vendor\laravel\framework\src\Illuminate\Foundation\Http\Kernel.php(170): Illuminate\Routing\Router->dispatch(Object(Illuminate\Http\Request))
#41 E:\process\Diamond\vendor\laravel\framework\src\Illuminate\Pipeline\Pipeline.php(130): Illuminate\Foundation\Http\Kernel->Illuminate\Foundation\Http\{closure}(Object(Illuminate\Http\Request))
#42 E:\process\Diamond\vendor\barryvdh\laravel-debugbar\src\Middleware\InjectDebugbar.php(60): Illuminate\Pipeline\Pipeline->Illuminate\Pipeline\{closure}(Object(Illuminate\Http\Request))
#43 E:\process\Diamond\vendor\laravel\framework\src\Illuminate\Pipeline\Pipeline.php(171): Barryvdh\Debugbar\Middleware\InjectDebugbar->handle(Object(Illuminate\Http\Request), Object(Closure))
#44 E:\process\Diamond\vendor\laravel\framework\src\Illuminate\Foundation\Http\Middleware\TransformsRequest.php(21): Illuminate\Pipeline\Pipeline->Illuminate\Pipeline\{closure}(Object(Illuminate\Http\Request))
#45 E:\process\Diamond\vendor\laravel\framework\src\Illuminate\Pipeline\Pipeline.php(171): Illuminate\Foundation\Http\Middleware\TransformsRequest->handle(Object(Illuminate\Http\Request), Object(Closure))
#46 E:\process\Diamond\vendor\laravel\framework\src\Illuminate\Foundation\Http\Middleware\TransformsRequest.php(21): Illuminate\Pipeline\Pipeline->Illuminate\Pipeline\{closure}(Object(Illuminate\Http\Request))
#47 E:\process\Diamond\vendor\laravel\framework\src\Illuminate\Pipeline\Pipeline.php(171): Illuminate\Foundation\Http\Middleware\TransformsRequest->handle(Object(Illuminate\Http\Request), Object(Closure))
#48 E:\process\Diamond\vendor\laravel\framework\src\Illuminate\Foundation\Http\Middleware\ValidatePostSize.php(27): Illuminate\Pipeline\Pipeline->Illuminate\Pipeline\{closure}(Object(Illuminate\Http\Request))
#49 E:\process\Diamond\vendor\laravel\framework\src\Illuminate\Pipeline\Pipeline.php(171): Illuminate\Foundation\Http\Middleware\ValidatePostSize->handle(Object(Illuminate\Http\Request), Object(Closure))
#50 E:\process\Diamond\app\Http\Middleware\CheckForReadOnlyMode.php(51): Illuminate\Pipeline\Pipeline->Illuminate\Pipeline\{closure}(Object(Illuminate\Http\Request))
#51 E:\process\Diamond\vendor\laravel\framework\src\Illuminate\Pipeline\Pipeline.php(171): App\Http\Middleware\CheckForReadOnlyMode->handle(Object(Illuminate\Http\Request), Object(Closure))
#52 E:\process\Diamond\vendor\laravel\framework\src\Illuminate\Foundation\Http\Middleware\CheckForMaintenanceMode.php(63): Illuminate\Pipeline\Pipeline->Illuminate\Pipeline\{closure}(Object(Illuminate\Http\Request))
#53 E:\process\Diamond\vendor\laravel\framework\src\Illuminate\Pipeline\Pipeline.php(171): Illuminate\Foundation\Http\Middleware\CheckForMaintenanceMode->handle(Object(Illuminate\Http\Request), Object(Closure))
#54 E:\process\Diamond\vendor\fideloper\proxy\src\TrustProxies.php(57): Illuminate\Pipeline\Pipeline->Illuminate\Pipeline\{closure}(Object(Illuminate\Http\Request))
#55 E:\process\Diamond\vendor\laravel\framework\src\Illuminate\Pipeline\Pipeline.php(171): Fideloper\Proxy\TrustProxies->handle(Object(Illuminate\Http\Request), Object(Closure))
#56 E:\process\Diamond\vendor\laravel\framework\src\Illuminate\Pipeline\Pipeline.php(105): Illuminate\Pipeline\Pipeline->Illuminate\Pipeline\{closure}(Object(Illuminate\Http\Request))
#57 E:\process\Diamond\vendor\laravel\framework\src\Illuminate\Foundation\Http\Kernel.php(145): Illuminate\Pipeline\Pipeline->then(Object(Closure))
#58 E:\process\Diamond\vendor\laravel\framework\src\Illuminate\Foundation\Http\Kernel.php(110): Illuminate\Foundation\Http\Kernel->sendRequestThroughRouter(Object(Illuminate\Http\Request))
#59 E:\process\Diamond\public\index.php(53): Illuminate\Foundation\Http\Kernel->handle(Object(Illuminate\Http\Request))
#60 E:\process\Diamond\server.php(19): require_once('E:\\process\\Diam...')
#61 {main}  
[2021-06-24 20:26:57] local.DEBUG: User Deactivated  
[2021-06-24 20:41:19] local.DEBUG: User Created  
[2021-06-24 20:43:14] local.DEBUG: User Created  
[2021-06-24 20:49:03] local.DEBUG: User Deactivated  
[2021-06-24 20:49:19] local.DEBUG: User Reactivated  
