[2021-06-20 16:25:22] local.DEBUG: Role Created  
[2021-06-20 16:26:04] local.DEBUG: User Updated  
[2021-06-20 16:26:30] local.DEBUG: Milan Soni  
[2021-06-20 16:26:30] local.DEBUG: User Logged In: mohamed Zaghloul  
[2021-06-20 16:26:52] local.ERROR: Route [login] not defined. {"exception":"[object] (Symfony\\Component\\Routing\\Exception\\RouteNotFoundException(code: 0): Route [login] not defined. at E:\\process\\Diamond\\vendor\\laravel\\framework\\src\\Illuminate\\Routing\\UrlGenerator.php:420)
[stacktrace]
#0 E:\\process\\Diamond\\vendor\\laravel\\framework\\src\\Illuminate\\Foundation\\helpers.php(777): Illuminate\\Routing\\UrlGenerator->route('login', Array, true)
#1 E:\\process\\Diamond\\vendor\\laravel\\framework\\src\\Illuminate\\Foundation\\Exceptions\\Handler.php(245): route('login')
#2 E:\\process\\Diamond\\vendor\\laravel\\framework\\src\\Illuminate\\Foundation\\Exceptions\\Handler.php(203): Illuminate\\Foundation\\Exceptions\\Handler->unauthenticated(Object(Illuminate\\Http\\Request), Object(Illuminate\\Auth\\AuthenticationException))
#3 E:\\process\\Diamond\\app\\Exceptions\\Handler.php(109): Illuminate\\Foundation\\Exceptions\\Handler->render(Object(Illuminate\\Http\\Request), Object(Illuminate\\Auth\\AuthenticationException))
#4 E:\\process\\Diamond\\vendor\\laravel\\framework\\src\\Illuminate\\Routing\\Pipeline.php(51): App\\Exceptions\\Handler->render(Object(Illuminate\\Http\\Request), Object(Illuminate\\Auth\\AuthenticationException))
#5 E:\\process\\Diamond\\vendor\\laravel\\framework\\src\\Illuminate\\Pipeline\\Pipeline.php(176): Illuminate\\Routing\\Pipeline->handleException(Object(Illuminate\\Http\\Request), Object(Illuminate\\Auth\\AuthenticationException))
#6 E:\\process\\Diamond\\vendor\\laravel\\framework\\src\\Illuminate\\Auth\\Middleware\\Authenticate.php(43): Illuminate\\Pipeline\\Pipeline->Illuminate\\Pipeline\\{closure}(Object(Illuminate\\Http\\Request))
#7 E:\\process\\Diamond\\vendor\\laravel\\framework\\src\\Illuminate\\Pipeline\\Pipeline.php(171): Illuminate\\Auth\\Middleware\\Authenticate->handle(Object(Illuminate\\Http\\Request), Object(Closure))
#8 E:\\process\\Diamond\\vendor\\laravel\\framework\\src\\Illuminate\\View\\Middleware\\ShareErrorsFromSession.php(49): Illuminate\\Pipeline\\Pipeline->Illuminate\\Pipeline\\{closure}(Object(Illuminate\\Http\\Request))
#9 E:\\process\\Diamond\\vendor\\laravel\\framework\\src\\Illuminate\\Pipeline\\Pipeline.php(171): Illuminate\\View\\Middleware\\ShareErrorsFromSession->handle(Object(Illuminate\\Http\\Request), Object(Closure))
#10 E:\\process\\Diamond\\vendor\\laravel\\framework\\src\\Illuminate\\Session\\Middleware\\StartSession.php(56): Illuminate\\Pipeline\\Pipeline->Illuminate\\Pipeline\\{closure}(Object(Illuminate\\Http\\Request))
#11 E:\\process\\Diamond\\vendor\\laravel\\framework\\src\\Illuminate\\Pipeline\\Pipeline.php(171): Illuminate\\Session\\Middleware\\StartSession->handle(Object(Illuminate\\Http\\Request), Object(Closure))
#12 E:\\process\\Diamond\\vendor\\laravel\\framework\\src\\Illuminate\\Cookie\\Middleware\\AddQueuedCookiesToResponse.php(37): Illuminate\\Pipeline\\Pipeline->Illuminate\\Pipeline\\{closure}(Object(Illuminate\\Http\\Request))
#13 E:\\process\\Diamond\\vendor\\laravel\\framework\\src\\Illuminate\\Pipeline\\Pipeline.php(171): Illuminate\\Cookie\\Middleware\\AddQueuedCookiesToResponse->handle(Object(Illuminate\\Http\\Request), Object(Closure))
#14 E:\\process\\Diamond\\vendor\\laravel\\framework\\src\\Illuminate\\Cookie\\Middleware\\EncryptCookies.php(67): Illuminate\\Pipeline\\Pipeline->Illuminate\\Pipeline\\{closure}(Object(Illuminate\\Http\\Request))
#15 E:\\process\\Diamond\\vendor\\laravel\\framework\\src\\Illuminate\\Pipeline\\Pipeline.php(171): Illuminate\\Cookie\\Middleware\\EncryptCookies->handle(Object(Illuminate\\Http\\Request), Object(Closure))
#16 E:\\process\\Diamond\\vendor\\laravel\\framework\\src\\Illuminate\\Pipeline\\Pipeline.php(105): Illuminate\\Pipeline\\Pipeline->Illuminate\\Pipeline\\{closure}(Object(Illuminate\\Http\\Request))
#17 E:\\process\\Diamond\\vendor\\laravel\\framework\\src\\Illuminate\\Routing\\Router.php(683): Illuminate\\Pipeline\\Pipeline->then(Object(Closure))
#18 E:\\process\\Diamond\\vendor\\laravel\\framework\\src\\Illuminate\\Routing\\Router.php(658): Illuminate\\Routing\\Router->runRouteWithinStack(Object(Illuminate\\Routing\\Route), Object(Illuminate\\Http\\Request))
#19 E:\\process\\Diamond\\vendor\\laravel\\framework\\src\\Illuminate\\Routing\\Router.php(624): Illuminate\\Routing\\Router->runRoute(Object(Illuminate\\Http\\Request), Object(Illuminate\\Routing\\Route))
#20 E:\\process\\Diamond\\vendor\\laravel\\framework\\src\\Illuminate\\Routing\\Router.php(613): Illuminate\\Routing\\Router->dispatchToRoute(Object(Illuminate\\Http\\Request))
#21 E:\\process\\Diamond\\vendor\\laravel\\framework\\src\\Illuminate\\Foundation\\Http\\Kernel.php(170): Illuminate\\Routing\\Router->dispatch(Object(Illuminate\\Http\\Request))
#22 E:\\process\\Diamond\\vendor\\laravel\\framework\\src\\Illuminate\\Pipeline\\Pipeline.php(130): Illuminate\\Foundation\\Http\\Kernel->Illuminate\\Foundation\\Http\\{closure}(Object(Illuminate\\Http\\Request))
#23 E:\\process\\Diamond\\vendor\\barryvdh\\laravel-debugbar\\src\\Middleware\\InjectDebugbar.php(60): Illuminate\\Pipeline\\Pipeline->Illuminate\\Pipeline\\{closure}(Object(Illuminate\\Http\\Request))
#24 E:\\process\\Diamond\\vendor\\laravel\\framework\\src\\Illuminate\\Pipeline\\Pipeline.php(171): Barryvdh\\Debugbar\\Middleware\\InjectDebugbar->handle(Object(Illuminate\\Http\\Request), Object(Closure))
#25 E:\\process\\Diamond\\vendor\\laravel\\framework\\src\\Illuminate\\Foundation\\Http\\Middleware\\TransformsRequest.php(21): Illuminate\\Pipeline\\Pipeline->Illuminate\\Pipeline\\{closure}(Object(Illuminate\\Http\\Request))
#26 E:\\process\\Diamond\\vendor\\laravel\\framework\\src\\Illuminate\\Pipeline\\Pipeline.php(171): Illuminate\\Foundation\\Http\\Middleware\\TransformsRequest->handle(Object(Illuminate\\Http\\Request), Object(Closure))
#27 E:\\process\\Diamond\\vendor\\laravel\\framework\\src\\Illuminate\\Foundation\\Http\\Middleware\\TransformsRequest.php(21): Illuminate\\Pipeline\\Pipeline->Illuminate\\Pipeline\\{closure}(Object(Illuminate\\Http\\Request))
#28 E:\\process\\Diamond\\vendor\\laravel\\framework\\src\\Illuminate\\Pipeline\\Pipeline.php(171): Illuminate\\Foundation\\Http\\Middleware\\TransformsRequest->handle(Object(Illuminate\\Http\\Request), Object(Closure))
#29 E:\\process\\Diamond\\vendor\\laravel\\framework\\src\\Illuminate\\Foundation\\Http\\Middleware\\ValidatePostSize.php(27): Illuminate\\Pipeline\\Pipeline->Illuminate\\Pipeline\\{closure}(Object(Illuminate\\Http\\Request))
#30 E:\\process\\Diamond\\vendor\\laravel\\framework\\src\\Illuminate\\Pipeline\\Pipeline.php(171): Illuminate\\Foundation\\Http\\Middleware\\ValidatePostSize->handle(Object(Illuminate\\Http\\Request), Object(Closure))
#31 E:\\process\\Diamond\\app\\Http\\Middleware\\CheckForReadOnlyMode.php(51): Illuminate\\Pipeline\\Pipeline->Illuminate\\Pipeline\\{closure}(Object(Illuminate\\Http\\Request))
#32 E:\\process\\Diamond\\vendor\\laravel\\framework\\src\\Illuminate\\Pipeline\\Pipeline.php(171): App\\Http\\Middleware\\CheckForReadOnlyMode->handle(Object(Illuminate\\Http\\Request), Object(Closure))
#33 E:\\process\\Diamond\\vendor\\laravel\\framework\\src\\Illuminate\\Foundation\\Http\\Middleware\\CheckForMaintenanceMode.php(63): Illuminate\\Pipeline\\Pipeline->Illuminate\\Pipeline\\{closure}(Object(Illuminate\\Http\\Request))
#34 E:\\process\\Diamond\\vendor\\laravel\\framework\\src\\Illuminate\\Pipeline\\Pipeline.php(171): Illuminate\\Foundation\\Http\\Middleware\\CheckForMaintenanceMode->handle(Object(Illuminate\\Http\\Request), Object(Closure))
#35 E:\\process\\Diamond\\vendor\\fideloper\\proxy\\src\\TrustProxies.php(57): Illuminate\\Pipeline\\Pipeline->Illuminate\\Pipeline\\{closure}(Object(Illuminate\\Http\\Request))
#36 E:\\process\\Diamond\\vendor\\laravel\\framework\\src\\Illuminate\\Pipeline\\Pipeline.php(171): Fideloper\\Proxy\\TrustProxies->handle(Object(Illuminate\\Http\\Request), Object(Closure))
#37 E:\\process\\Diamond\\vendor\\laravel\\framework\\src\\Illuminate\\Pipeline\\Pipeline.php(105): Illuminate\\Pipeline\\Pipeline->Illuminate\\Pipeline\\{closure}(Object(Illuminate\\Http\\Request))
#38 E:\\process\\Diamond\\vendor\\laravel\\framework\\src\\Illuminate\\Foundation\\Http\\Kernel.php(145): Illuminate\\Pipeline\\Pipeline->then(Object(Closure))
#39 E:\\process\\Diamond\\vendor\\laravel\\framework\\src\\Illuminate\\Foundation\\Http\\Kernel.php(110): Illuminate\\Foundation\\Http\\Kernel->sendRequestThroughRouter(Object(Illuminate\\Http\\Request))
#40 E:\\process\\Diamond\\public\\index.php(53): Illuminate\\Foundation\\Http\\Kernel->handle(Object(Illuminate\\Http\\Request))
#41 E:\\process\\Diamond\\server.php(19): require_once('E:\\\\process\\\\Diam...')
#42 {main}
"} 
[2021-06-20 16:27:06] local.DEBUG: Milan Soni  
[2021-06-20 16:27:06] local.DEBUG: User Logged In: mohamed Zaghloul  
[2021-06-20 16:28:53] local.DEBUG: Role Updated  
[2021-06-20 16:29:15] local.DEBUG: Role Updated  
[2021-06-20 16:40:10] local.DEBUG: Role Updated  
[2021-06-20 16:40:18] local.ERROR: BadMethodCallException: Call to undefined method App\Models\Auth\User::getUserPermission() in E:\process\Diamond\vendor\laravel\framework\src\Illuminate\Support\Traits\ForwardsCalls.php:50
Stack trace:
#0 E:\process\Diamond\vendor\laravel\framework\src\Illuminate\Support\Traits\ForwardsCalls.php(36): Illuminate\Database\Eloquent\Model::throwBadMethodCallException('getUserPermissi...')
#1 E:\process\Diamond\vendor\laravel\framework\src\Illuminate\Database\Eloquent\Model.php(1622): Illuminate\Database\Eloquent\Model->forwardCallTo(Object(Illuminate\Database\Eloquent\Builder), 'getUserPermissi...', Array)
#2 E:\process\Diamond\app\Models\Auth\Traits\Attributes\UserAttributes.php(311): Illuminate\Database\Eloquent\Model->__call('getUserPermissi...', Array)
#3 E:\process\Diamond\vendor\laravel\framework\src\Illuminate\Database\Eloquent\Concerns\HasAttributes.php(454): App\Models\Auth\User->getActionButtonsAttribute(NULL)
#4 E:\process\Diamond\vendor\laravel\framework\src\Illuminate\Database\Eloquent\Concerns\HasAttributes.php(350): Illuminate\Database\Eloquent\Model->mutateAttribute('action_buttons', NULL)
#5 E:\process\Diamond\vendor\laravel\framework\src\Illuminate\Database\Eloquent\Concerns\HasAttributes.php(323): Illuminate\Database\Eloquent\Model->getAttributeValue('action_buttons')
#6 E:\process\Diamond\vendor\laravel\framework\src\Illuminate\Database\Eloquent\Model.php(1527): Illuminate\Database\Eloquent\Model->getAttribute('action_buttons')
#7 E:\process\Diamond\app\Http\Controllers\Backend\Auth\User\UserTableController.php(51): Illuminate\Database\Eloquent\Model->__get('action_buttons')
#8 E:\process\Diamond\vendor\yajra\laravel-datatables-oracle\src\Utilities\Helper.php(65): App\Http\Controllers\Backend\Auth\User\UserTableController->App\Http\Controllers\Backend\Auth\User\{closure}(Object(App\Models\Auth\User))
#9 E:\process\Diamond\vendor\yajra\laravel-datatables-oracle\src\Processors\DataProcessor.php(137): Yajra\DataTables\Utilities\Helper::compileContent(Object(Closure), Array, Object(App\Models\Auth\User))
#10 E:\process\Diamond\vendor\yajra\laravel-datatables-oracle\src\Processors\DataProcessor.php(106): Yajra\DataTables\Processors\DataProcessor->addColumns(Array, Object(App\Models\Auth\User))
#11 E:\process\Diamond\vendor\yajra\laravel-datatables-oracle\src\DataTableAbstract.php(804): Yajra\DataTables\Processors\DataProcessor->process(true)
#12 E:\process\Diamond\vendor\yajra\laravel-datatables-oracle\src\QueryDataTable.php(101): Yajra\DataTables\DataTableAbstract->processResults(Object(Illuminate\Database\Eloquent\Collection), true)
#13 E:\process\Diamond\app\Http\Controllers\Backend\Auth\User\UserTableController.php(53): Yajra\DataTables\QueryDataTable->make(true)
#14 E:\process\Diamond\vendor\laravel\framework\src\Illuminate\Routing\Controller.php(54): App\Http\Controllers\Backend\Auth\User\UserTableController->__invoke(Object(App\Http\Requests\Backend\Auth\User\ManageUserRequest))
#15 E:\process\Diamond\vendor\laravel\framework\src\Illuminate\Routing\ControllerDispatcher.php(45): Illuminate\Routing\Controller->callAction('__invoke', Array)
#16 E:\process\Diamond\vendor\laravel\framework\src\Illuminate\Routing\Route.php(219): Illuminate\Routing\ControllerDispatcher->dispatch(Object(Illuminate\Routing\Route), Object(App\Http\Controllers\Backend\Auth\User\UserTableController), '__invoke')
#17 E:\process\Diamond\vendor\laravel\framework\src\Illuminate\Routing\Route.php(176): Illuminate\Routing\Route->runController()
#18 E:\process\Diamond\vendor\laravel\framework\src\Illuminate\Routing\Router.php(681): Illuminate\Routing\Route->run()
#19 E:\process\Diamond\vendor\laravel\framework\src\Illuminate\Pipeline\Pipeline.php(130): Illuminate\Routing\Router->Illuminate\Routing\{closure}(Object(Illuminate\Http\Request))
#20 E:\process\Diamond\app\Http\Middleware\RouteNeedsPermission.php(35): Illuminate\Pipeline\Pipeline->Illuminate\Pipeline\{closure}(Object(Illuminate\Http\Request))
#21 E:\process\Diamond\vendor\laravel\framework\src\Illuminate\Pipeline\Pipeline.php(171): App\Http\Middleware\RouteNeedsPermission->handle(Object(Illuminate\Http\Request), Object(Closure), 'view-access-man...')
#22 E:\process\Diamond\app\Http\Middleware\PasswordExpires.php(32): Illuminate\Pipeline\Pipeline->Illuminate\Pipeline\{closure}(Object(Illuminate\Http\Request))
#23 E:\process\Diamond\vendor\laravel\framework\src\Illuminate\Pipeline\Pipeline.php(171): App\Http\Middleware\PasswordExpires->handle(Object(Illuminate\Http\Request), Object(Closure))
#24 E:\process\Diamond\app\Http\Middleware\ToBeLoggedOut.php(32): Illuminate\Pipeline\Pipeline->Illuminate\Pipeline\{closure}(Object(Illuminate\Http\Request))
#25 E:\process\Diamond\vendor\laravel\framework\src\Illuminate\Pipeline\Pipeline.php(171): App\Http\Middleware\ToBeLoggedOut->handle(Object(Illuminate\Http\Request), Object(Closure))
#26 E:\process\Diamond\app\Http\Middleware\LocaleMiddleware.php(46): Illuminate\Pipeline\Pipeline->Illuminate\Pipeline\{closure}(Object(Illuminate\Http\Request))
#27 E:\process\Diamond\vendor\laravel\framework\src\Illuminate\Pipeline\Pipeline.php(171): App\Http\Middleware\LocaleMiddleware->handle(Object(Illuminate\Http\Request), Object(Closure))
#28 E:\process\Diamond\vendor\laravel\framework\src\Illuminate\Routing\Middleware\SubstituteBindings.php(41): Illuminate\Pipeline\Pipeline->Illuminate\Pipeline\{closure}(Object(Illuminate\Http\Request))
#29 E:\process\Diamond\vendor\laravel\framework\src\Illuminate\Pipeline\Pipeline.php(171): Illuminate\Routing\Middleware\SubstituteBindings->handle(Object(Illuminate\Http\Request), Object(Closure))
#30 E:\process\Diamond\vendor\laravel\framework\src\Illuminate\Foundation\Http\Middleware\VerifyCsrfToken.php(78): Illuminate\Pipeline\Pipeline->Illuminate\Pipeline\{closure}(Object(Illuminate\Http\Request))
#31 E:\process\Diamond\vendor\laravel\framework\src\Illuminate\Pipeline\Pipeline.php(171): Illuminate\Foundation\Http\Middleware\VerifyCsrfToken->handle(Object(Illuminate\Http\Request), Object(Closure))
#32 E:\process\Diamond\vendor\laravel\framework\src\Illuminate\Session\Middleware\AuthenticateSession.php(58): Illuminate\Pipeline\Pipeline->Illuminate\Pipeline\{closure}(Object(Illuminate\Http\Request))
#33 E:\process\Diamond\vendor\laravel\framework\src\Illuminate\Pipeline\Pipeline.php(171): Illuminate\Session\Middleware\AuthenticateSession->handle(Object(Illuminate\Http\Request), Object(Closure))
#34 E:\process\Diamond\vendor\laravel\framework\src\Illuminate\Auth\Middleware\Authenticate.php(43): Illuminate\Pipeline\Pipeline->Illuminate\Pipeline\{closure}(Object(Illuminate\Http\Request))
#35 E:\process\Diamond\vendor\laravel\framework\src\Illuminate\Pipeline\Pipeline.php(171): Illuminate\Auth\Middleware\Authenticate->handle(Object(Illuminate\Http\Request), Object(Closure))
#36 E:\process\Diamond\vendor\laravel\framework\src\Illuminate\View\Middleware\ShareErrorsFromSession.php(49): Illuminate\Pipeline\Pipeline->Illuminate\Pipeline\{closure}(Object(Illuminate\Http\Request))
#37 E:\process\Diamond\vendor\laravel\framework\src\Illuminate\Pipeline\Pipeline.php(171): Illuminate\View\Middleware\ShareErrorsFromSession->handle(Object(Illuminate\Http\Request), Object(Closure))
#38 E:\process\Diamond\vendor\laravel\framework\src\Illuminate\Session\Middleware\StartSession.php(56): Illuminate\Pipeline\Pipeline->Illuminate\Pipeline\{closure}(Object(Illuminate\Http\Request))
#39 E:\process\Diamond\vendor\laravel\framework\src\Illuminate\Pipeline\Pipeline.php(171): Illuminate\Session\Middleware\StartSession->handle(Object(Illuminate\Http\Request), Object(Closure))
#40 E:\process\Diamond\vendor\laravel\framework\src\Illuminate\Cookie\Middleware\AddQueuedCookiesToResponse.php(37): Illuminate\Pipeline\Pipeline->Illuminate\Pipeline\{closure}(Object(Illuminate\Http\Request))
#41 E:\process\Diamond\vendor\laravel\framework\src\Illuminate\Pipeline\Pipeline.php(171): Illuminate\Cookie\Middleware\AddQueuedCookiesToResponse->handle(Object(Illuminate\Http\Request), Object(Closure))
#42 E:\process\Diamond\vendor\laravel\framework\src\Illuminate\Cookie\Middleware\EncryptCookies.php(67): Illuminate\Pipeline\Pipeline->Illuminate\Pipeline\{closure}(Object(Illuminate\Http\Request))
#43 E:\process\Diamond\vendor\laravel\framework\src\Illuminate\Pipeline\Pipeline.php(171): Illuminate\Cookie\Middleware\EncryptCookies->handle(Object(Illuminate\Http\Request), Object(Closure))
#44 E:\process\Diamond\vendor\laravel\framework\src\Illuminate\Pipeline\Pipeline.php(105): Illuminate\Pipeline\Pipeline->Illuminate\Pipeline\{closure}(Object(Illuminate\Http\Request))
#45 E:\process\Diamond\vendor\laravel\framework\src\Illuminate\Routing\Router.php(683): Illuminate\Pipeline\Pipeline->then(Object(Closure))
#46 E:\process\Diamond\vendor\laravel\framework\src\Illuminate\Routing\Router.php(658): Illuminate\Routing\Router->runRouteWithinStack(Object(Illuminate\Routing\Route), Object(Illuminate\Http\Request))
#47 E:\process\Diamond\vendor\laravel\framework\src\Illuminate\Routing\Router.php(624): Illuminate\Routing\Router->runRoute(Object(Illuminate\Http\Request), Object(Illuminate\Routing\Route))
#48 E:\process\Diamond\vendor\laravel\framework\src\Illuminate\Routing\Router.php(613): Illuminate\Routing\Router->dispatchToRoute(Object(Illuminate\Http\Request))
#49 E:\process\Diamond\vendor\laravel\framework\src\Illuminate\Foundation\Http\Kernel.php(170): Illuminate\Routing\Router->dispatch(Object(Illuminate\Http\Request))
#50 E:\process\Diamond\vendor\laravel\framework\src\Illuminate\Pipeline\Pipeline.php(130): Illuminate\Foundation\Http\Kernel->Illuminate\Foundation\Http\{closure}(Object(Illuminate\Http\Request))
#51 E:\process\Diamond\vendor\barryvdh\laravel-debugbar\src\Middleware\InjectDebugbar.php(60): Illuminate\Pipeline\Pipeline->Illuminate\Pipeline\{closure}(Object(Illuminate\Http\Request))
#52 E:\process\Diamond\vendor\laravel\framework\src\Illuminate\Pipeline\Pipeline.php(171): Barryvdh\Debugbar\Middleware\InjectDebugbar->handle(Object(Illuminate\Http\Request), Object(Closure))
#53 E:\process\Diamond\vendor\laravel\framework\src\Illuminate\Foundation\Http\Middleware\TransformsRequest.php(21): Illuminate\Pipeline\Pipeline->Illuminate\Pipeline\{closure}(Object(Illuminate\Http\Request))
#54 E:\process\Diamond\vendor\laravel\framework\src\Illuminate\Pipeline\Pipeline.php(171): Illuminate\Foundation\Http\Middleware\TransformsRequest->handle(Object(Illuminate\Http\Request), Object(Closure))
#55 E:\process\Diamond\vendor\laravel\framework\src\Illuminate\Foundation\Http\Middleware\TransformsRequest.php(21): Illuminate\Pipeline\Pipeline->Illuminate\Pipeline\{closure}(Object(Illuminate\Http\Request))
#56 E:\process\Diamond\vendor\laravel\framework\src\Illuminate\Pipeline\Pipeline.php(171): Illuminate\Foundation\Http\Middleware\TransformsRequest->handle(Object(Illuminate\Http\Request), Object(Closure))
#57 E:\process\Diamond\vendor\laravel\framework\src\Illuminate\Foundation\Http\Middleware\ValidatePostSize.php(27): Illuminate\Pipeline\Pipeline->Illuminate\Pipeline\{closure}(Object(Illuminate\Http\Request))
#58 E:\process\Diamond\vendor\laravel\framework\src\Illuminate\Pipeline\Pipeline.php(171): Illuminate\Foundation\Http\Middleware\ValidatePostSize->handle(Object(Illuminate\Http\Request), Object(Closure))
#59 E:\process\Diamond\app\Http\Middleware\CheckForReadOnlyMode.php(51): Illuminate\Pipeline\Pipeline->Illuminate\Pipeline\{closure}(Object(Illuminate\Http\Request))
#60 E:\process\Diamond\vendor\laravel\framework\src\Illuminate\Pipeline\Pipeline.php(171): App\Http\Middleware\CheckForReadOnlyMode->handle(Object(Illuminate\Http\Request), Object(Closure))
#61 E:\process\Diamond\vendor\laravel\framework\src\Illuminate\Foundation\Http\Middleware\CheckForMaintenanceMode.php(63): Illuminate\Pipeline\Pipeline->Illuminate\Pipeline\{closure}(Object(Illuminate\Http\Request))
#62 E:\process\Diamond\vendor\laravel\framework\src\Illuminate\Pipeline\Pipeline.php(171): Illuminate\Foundation\Http\Middleware\CheckForMaintenanceMode->handle(Object(Illuminate\Http\Request), Object(Closure))
#63 E:\process\Diamond\vendor\fideloper\proxy\src\TrustProxies.php(57): Illuminate\Pipeline\Pipeline->Illuminate\Pipeline\{closure}(Object(Illuminate\Http\Request))
#64 E:\process\Diamond\vendor\laravel\framework\src\Illuminate\Pipeline\Pipeline.php(171): Fideloper\Proxy\TrustProxies->handle(Object(Illuminate\Http\Request), Object(Closure))
#65 E:\process\Diamond\vendor\laravel\framework\src\Illuminate\Pipeline\Pipeline.php(105): Illuminate\Pipeline\Pipeline->Illuminate\Pipeline\{closure}(Object(Illuminate\Http\Request))
#66 E:\process\Diamond\vendor\laravel\framework\src\Illuminate\Foundation\Http\Kernel.php(145): Illuminate\Pipeline\Pipeline->then(Object(Closure))
#67 E:\process\Diamond\vendor\laravel\framework\src\Illuminate\Foundation\Http\Kernel.php(110): Illuminate\Foundation\Http\Kernel->sendRequestThroughRouter(Object(Illuminate\Http\Request))
#68 E:\process\Diamond\public\index.php(53): Illuminate\Foundation\Http\Kernel->handle(Object(Illuminate\Http\Request))
#69 E:\process\Diamond\server.php(19): require_once('E:\\process\\Diam...')
#70 {main}  
[2021-06-20 16:41:22] local.DEBUG: Role Updated  
[2021-06-20 16:41:46] local.DEBUG: User Logged Out: mohamed Zaghloul  
[2021-06-20 16:42:03] local.DEBUG: Milan Soni  
[2021-06-20 16:42:03] local.DEBUG: User Logged In: mohamed Zaghloul  
[2021-06-20 16:48:58] local.DEBUG: User Updated  
